<?xml version="1.0" encoding="UTF-8"?>
<!-- Generated by org.testng.reporters.JUnitReportReporter -->
<testsuite hostname="HIBACL45808" name="scenarios.TestHomeScreen" tests="1" failures="0" timestamp="1 Jan 2018 21:21:40 GMT" time="91.202" errors="0">
  <testcase name="validateMobilesBestDeals" time="91.202" classname="scenarios.TestHomeScreen"/>
</testsuite> <!-- scenarios.TestHomeScreen -->
